app/build/intermediates/manifest_merge_blame_file/debug/manifest-merger-blame-debug-report.txt
1<?xml version="1.0" encoding="utf-8"?>
2<manifest xmlns:android="http://schemas.android.com/apk/res/android"
3    package="com.mobileproject.valhalla"
4    android:versionCode="1"
5    android:versionName="1.0" >
6
7    <uses-sdk
8        android:minSdkVersion="28"
8-->src\main\AndroidManifest.xml
9        android:targetSdkVersion="31" />
9-->src\main\AndroidManifest.xml
10
11    <uses-permission android:name="android.permission.INTERNET" />
11-->src\main\AndroidManifest.xml:6:5-67
11-->src\main\AndroidManifest.xml:6:22-64
12    <uses-permission android:name="android.permission.ACCESS_NETWORK_STATE" />
12-->[com.google.firebase:firebase-auth:21.0.2] AndroidManifest.xml:24:5-79
12-->[com.google.firebase:firebase-auth:21.0.2] AndroidManifest.xml:24:22-76
13
14    <application
14-->src\main\AndroidManifest.xml:8:5-34:19
15        android:allowBackup="true"
15-->src\main\AndroidManifest.xml:9:9-35
16        android:appComponentFactory="androidx.core.app.CoreComponentFactory"
16-->[androidx.core:core:1.7.0] AndroidManifest.xml:24:18-86
17        android:debuggable="true"
18        android:extractNativeLibs="false"
19        android:icon="@mipmap/ic_launcher"
19-->src\main\AndroidManifest.xml:10:9-43
20        android:label="@string/app_name"
20-->src\main\AndroidManifest.xml:11:9-41
21        android:roundIcon="@mipmap/ic_launcher_round"
21-->src\main\AndroidManifest.xml:12:9-54
22        android:supportsRtl="true"
22-->src\main\AndroidManifest.xml:13:9-35
23        android:testOnly="true"
24        android:theme="@style/Theme.Valhalla" >
24-->src\main\AndroidManifest.xml:14:9-46
25        <activity
25-->src\main\AndroidManifest.xml:15:9-17:40
26            android:name="com.mobileproject.valhalla.MainActivity"
26-->src\main\AndroidManifest.xml:16:13-41
27            android:exported="false" />
27-->src\main\AndroidManifest.xml:17:13-37
28        <activity
28-->src\main\AndroidManifest.xml:18:9-20:40
29            android:name="com.mobileproject.valhalla.LeaderboardActivity"
29-->src\main\AndroidManifest.xml:19:13-48
30            android:exported="false" />
30-->src\main\AndroidManifest.xml:20:13-37
31        <activity
31-->src\main\AndroidManifest.xml:21:9-23:40
32            android:name="com.mobileproject.valhalla.ProfileActivity"
32-->src\main\AndroidManifest.xml:22:13-44
33            android:exported="false" />
33-->src\main\AndroidManifest.xml:23:13-37
34        <activity
34-->src\main\AndroidManifest.xml:24:9-33:20
35            android:name="com.mobileproject.valhalla.SplashScreenActivity"
35-->src\main\AndroidManifest.xml:25:13-49
36            android:exported="true" >
36-->src\main\AndroidManifest.xml:26:13-36
37            <intent-filter>
37-->src\main\AndroidManifest.xml:28:13-32:29
38                <action android:name="android.intent.action.MAIN" />
38-->src\main\AndroidManifest.xml:29:17-69
38-->src\main\AndroidManifest.xml:29:25-66
39
40                <category android:name="android.intent.category.LAUNCHER" />
40-->src\main\AndroidManifest.xml:31:17-77
40-->src\main\AndroidManifest.xml:31:27-74
41            </intent-filter>
42        </activity>
43        <activity
43-->[com.google.firebase:firebase-auth:21.0.2] AndroidManifest.xml:27:9-44:20
44            android:name="com.google.firebase.auth.internal.GenericIdpActivity"
44-->[com.google.firebase:firebase-auth:21.0.2] AndroidManifest.xml:28:13-80
45            android:excludeFromRecents="true"
45-->[com.google.firebase:firebase-auth:21.0.2] AndroidManifest.xml:29:13-46
46            android:exported="true"
46-->[com.google.firebase:firebase-auth:21.0.2] AndroidManifest.xml:30:13-36
47            android:launchMode="singleTask"
47-->[com.google.firebase:firebase-auth:21.0.2] AndroidManifest.xml:31:13-44
48            android:theme="@android:style/Theme.Translucent.NoTitleBar" >
48-->[com.google.firebase:firebase-auth:21.0.2] AndroidManifest.xml:32:13-72
49            <intent-filter>
49-->[com.google.firebase:firebase-auth:21.0.2] AndroidManifest.xml:33:13-43:29
50                <action android:name="android.intent.action.VIEW" />
50-->[com.google.firebase:firebase-auth:21.0.2] AndroidManifest.xml:34:17-69
50-->[com.google.firebase:firebase-auth:21.0.2] AndroidManifest.xml:34:25-66
51
52                <category android:name="android.intent.category.DEFAULT" />
52-->[com.google.firebase:firebase-auth:21.0.2] AndroidManifest.xml:36:17-76
52-->[com.google.firebase:firebase-auth:21.0.2] AndroidManifest.xml:36:27-73
53                <category android:name="android.intent.category.BROWSABLE" />
53-->[com.google.firebase:firebase-auth:21.0.2] AndroidManifest.xml:37:17-78
53-->[com.google.firebase:firebase-auth:21.0.2] AndroidManifest.xml:37:27-75
54
55                <data
55-->[com.google.firebase:firebase-auth:21.0.2] AndroidManifest.xml:39:17-42:51
56                    android:host="firebase.auth"
56-->[com.google.firebase:firebase-auth:21.0.2] AndroidManifest.xml:40:21-49
57                    android:path="/"
57-->[com.google.firebase:firebase-auth:21.0.2] AndroidManifest.xml:41:21-37
58                    android:scheme="genericidp" />
58-->[com.google.firebase:firebase-auth:21.0.2] AndroidManifest.xml:42:21-48
59            </intent-filter>
60        </activity>
61        <activity
61-->[com.google.firebase:firebase-auth:21.0.2] AndroidManifest.xml:45:9-62:20
62            android:name="com.google.firebase.auth.internal.RecaptchaActivity"
62-->[com.google.firebase:firebase-auth:21.0.2] AndroidManifest.xml:46:13-79
63            android:excludeFromRecents="true"
63-->[com.google.firebase:firebase-auth:21.0.2] AndroidManifest.xml:47:13-46
64            android:exported="true"
64-->[com.google.firebase:firebase-auth:21.0.2] AndroidManifest.xml:48:13-36
65            android:launchMode="singleTask"
65-->[com.google.firebase:firebase-auth:21.0.2] AndroidManifest.xml:49:13-44
66            android:theme="@android:style/Theme.Translucent.NoTitleBar" >
66-->[com.google.firebase:firebase-auth:21.0.2] AndroidManifest.xml:50:13-72
67            <intent-filter>
67-->[com.google.firebase:firebase-auth:21.0.2] AndroidManifest.xml:51:13-61:29
68                <action android:name="android.intent.action.VIEW" />
68-->[com.google.firebase:firebase-auth:21.0.2] AndroidManifest.xml:34:17-69
68-->[com.google.firebase:firebase-auth:21.0.2] AndroidManifest.xml:34:25-66
69
70                <category android:name="android.intent.category.DEFAULT" />
70-->[com.google.firebase:firebase-auth:21.0.2] AndroidManifest.xml:36:17-76
70-->[com.google.firebase:firebase-auth:21.0.2] AndroidManifest.xml:36:27-73
71                <category android:name="android.intent.category.BROWSABLE" />
71-->[com.google.firebase:firebase-auth:21.0.2] AndroidManifest.xml:37:17-78
71-->[com.google.firebase:firebase-auth:21.0.2] AndroidManifest.xml:37:27-75
72
73                <data
73-->[com.google.firebase:firebase-auth:21.0.2] AndroidManifest.xml:39:17-42:51
74                    android:host="firebase.auth"
74-->[com.google.firebase:firebase-auth:21.0.2] AndroidManifest.xml:40:21-49
75                    android:path="/"
75-->[com.google.firebase:firebase-auth:21.0.2] AndroidManifest.xml:41:21-37
76                    android:scheme="recaptcha" />
76-->[com.google.firebase:firebase-auth:21.0.2] AndroidManifest.xml:42:21-48
77            </intent-filter>
78        </activity>
79
80        <service
80-->[com.google.firebase:firebase-auth:21.0.2] AndroidManifest.xml:64:9-70:19
81            android:name="com.google.firebase.components.ComponentDiscoveryService"
81-->[com.google.firebase:firebase-auth:21.0.2] AndroidManifest.xml:65:13-84
82            android:directBootAware="true"
82-->[com.google.firebase:firebase-common:20.1.0] AndroidManifest.xml:35:13-43
83            android:exported="false" >
83-->[com.google.firebase:firebase-auth:21.0.2] AndroidManifest.xml:66:13-37
84            <meta-data
84-->[com.google.firebase:firebase-auth:21.0.2] AndroidManifest.xml:67:13-69:85
85                android:name="com.google.firebase.components:com.google.firebase.auth.FirebaseAuthRegistrar"
85-->[com.google.firebase:firebase-auth:21.0.2] AndroidManifest.xml:68:17-109
86                android:value="com.google.firebase.components.ComponentRegistrar" />
86-->[com.google.firebase:firebase-auth:21.0.2] AndroidManifest.xml:69:17-82
87        </service>
88
89        <activity
89-->[com.google.android.gms:play-services-auth:20.1.0] AndroidManifest.xml:23:9-27:75
90            android:name="com.google.android.gms.auth.api.signin.internal.SignInHubActivity"
90-->[com.google.android.gms:play-services-auth:20.1.0] AndroidManifest.xml:24:13-93
91            android:excludeFromRecents="true"
91-->[com.google.android.gms:play-services-auth:20.1.0] AndroidManifest.xml:25:13-46
92            android:exported="false"
92-->[com.google.android.gms:play-services-auth:20.1.0] AndroidManifest.xml:26:13-37
93            android:theme="@android:style/Theme.Translucent.NoTitleBar" />
93-->[com.google.android.gms:play-services-auth:20.1.0] AndroidManifest.xml:27:13-72
94        <!--
95            Service handling Google Sign-In user revocation. For apps that do not integrate with
96            Google Sign-In, this service will never be started.
97        -->
98        <service
98-->[com.google.android.gms:play-services-auth:20.1.0] AndroidManifest.xml:33:9-37:51
99            android:name="com.google.android.gms.auth.api.signin.RevocationBoundService"
99-->[com.google.android.gms:play-services-auth:20.1.0] AndroidManifest.xml:34:13-89
100            android:exported="true"
100-->[com.google.android.gms:play-services-auth:20.1.0] AndroidManifest.xml:35:13-36
101            android:permission="com.google.android.gms.auth.api.signin.permission.REVOCATION_NOTIFICATION"
101-->[com.google.android.gms:play-services-auth:20.1.0] AndroidManifest.xml:36:13-107
102            android:visibleToInstantApps="true" />
102-->[com.google.android.gms:play-services-auth:20.1.0] AndroidManifest.xml:37:13-48
103
104        <provider
104-->[com.google.firebase:firebase-common:20.1.0] AndroidManifest.xml:26:9-31:39
105            android:name="com.google.firebase.provider.FirebaseInitProvider"
105-->[com.google.firebase:firebase-common:20.1.0] AndroidManifest.xml:27:13-77
106            android:authorities="com.mobileproject.valhalla.firebaseinitprovider"
106-->[com.google.firebase:firebase-common:20.1.0] AndroidManifest.xml:28:13-72
107            android:directBootAware="true"
107-->[com.google.firebase:firebase-common:20.1.0] AndroidManifest.xml:29:13-43
108            android:exported="false"
108-->[com.google.firebase:firebase-common:20.1.0] AndroidManifest.xml:30:13-37
109            android:initOrder="100" />
109-->[com.google.firebase:firebase-common:20.1.0] AndroidManifest.xml:31:13-36
110
111        <activity
111-->[com.google.android.gms:play-services-base:18.0.1] AndroidManifest.xml:20:9-22:45
112            android:name="com.google.android.gms.common.api.GoogleApiActivity"
112-->[com.google.android.gms:play-services-base:18.0.1] AndroidManifest.xml:20:19-85
113            android:exported="false"
113-->[com.google.android.gms:play-services-base:18.0.1] AndroidManifest.xml:22:19-43
114            android:theme="@android:style/Theme.Translucent.NoTitleBar" />
114-->[com.google.android.gms:play-services-base:18.0.1] AndroidManifest.xml:21:19-78
115
116        <meta-data
116-->[com.google.android.gms:play-services-basement:18.0.0] AndroidManifest.xml:21:9-23:69
117            android:name="com.google.android.gms.version"
117-->[com.google.android.gms:play-services-basement:18.0.0] AndroidManifest.xml:22:13-58
118            android:value="@integer/google_play_services_version" />
118-->[com.google.android.gms:play-services-basement:18.0.0] AndroidManifest.xml:23:13-66
119
120        <provider
120-->[androidx.emoji2:emoji2:1.0.0] AndroidManifest.xml:26:9-34:20
121            android:name="androidx.startup.InitializationProvider"
121-->[androidx.emoji2:emoji2:1.0.0] AndroidManifest.xml:27:13-67
122            android:authorities="com.mobileproject.valhalla.androidx-startup"
122-->[androidx.emoji2:emoji2:1.0.0] AndroidManifest.xml:28:13-68
123            android:exported="false" >
123-->[androidx.emoji2:emoji2:1.0.0] AndroidManifest.xml:29:13-37
124            <meta-data
124-->[androidx.emoji2:emoji2:1.0.0] AndroidManifest.xml:31:13-33:52
125                android:name="androidx.emoji2.text.EmojiCompatInitializer"
125-->[androidx.emoji2:emoji2:1.0.0] AndroidManifest.xml:32:17-75
126                android:value="androidx.startup" />
126-->[androidx.emoji2:emoji2:1.0.0] AndroidManifest.xml:33:17-49
127            <meta-data
127-->[androidx.lifecycle:lifecycle-process:2.4.0] AndroidManifest.xml:31:13-33:52
128                android:name="androidx.lifecycle.ProcessLifecycleInitializer"
128-->[androidx.lifecycle:lifecycle-process:2.4.0] AndroidManifest.xml:32:17-78
129                android:value="androidx.startup" />
129-->[androidx.lifecycle:lifecycle-process:2.4.0] AndroidManifest.xml:33:17-49
130        </provider>
131    </application>
132
133</manifest>